app/build/intermediates/manifest_merge_blame_file/debug/manifest-merger-blame-debug-report.txt
1<?xml version="1.0" encoding="utf-8"?>
2<manifest xmlns:android="http://schemas.android.com/apk/res/android"
3    package="com.azhar.rajaongkir"
4    android:versionCode="1"
5    android:versionName="1.0" >
6
7    <uses-sdk
8        android:minSdkVersion="21"
8-->src\main\AndroidManifest.xml
9        android:targetSdkVersion="29" />
9-->src\main\AndroidManifest.xml
10
11    <uses-permission android:name="android.permission.INTERNET" />
11-->src\main\AndroidManifest.xml:6:5-67
11-->src\main\AndroidManifest.xml:6:22-64
12    <uses-permission android:name="android.permission.ACCESS_NETWORK_STATE" />
12-->[com.google.firebase:firebase-auth:21.1.0] AndroidManifest.xml:24:5-79
12-->[com.google.firebase:firebase-auth:21.1.0] AndroidManifest.xml:24:22-76
13
14    <application
14-->src\main\AndroidManifest.xml:8:5-42:19
15        android:allowBackup="true"
15-->src\main\AndroidManifest.xml:9:9-35
16        android:appComponentFactory="androidx.core.app.CoreComponentFactory"
16-->[androidx.core:core:1.3.2] AndroidManifest.xml:24:18-86
17        android:debuggable="true"
18        android:icon="@mipmap/ic_launcher"
18-->src\main\AndroidManifest.xml:10:9-43
19        android:label="@string/app_name"
19-->src\main\AndroidManifest.xml:11:9-41
20        android:roundIcon="@mipmap/ic_launcher_round"
20-->src\main\AndroidManifest.xml:12:9-54
21        android:supportsRtl="true"
21-->src\main\AndroidManifest.xml:13:9-35
22        android:testOnly="true"
23        android:theme="@style/AppTheme"
23-->src\main\AndroidManifest.xml:14:9-40
24        android:usesCleartextTraffic="true" >
24-->src\main\AndroidManifest.xml:15:9-44
25        <activity
25-->src\main\AndroidManifest.xml:17:9-23:20
26            android:name="com.azhar.OngkirMurah.ui.home.Registrasi"
26-->src\main\AndroidManifest.xml:18:13-68
27            android:exported="false" >
27-->src\main\AndroidManifest.xml:19:13-37
28            <meta-data
28-->src\main\AndroidManifest.xml:20:13-22:36
29                android:name="android.app.lib_name"
29-->src\main\AndroidManifest.xml:21:17-52
30                android:value="" />
30-->src\main\AndroidManifest.xml:22:17-33
31        </activity>
32        <activity
32-->src\main\AndroidManifest.xml:24:9-30:20
33            android:name="com.azhar.OngkirMurah.ui.home.MainActivity"
33-->src\main\AndroidManifest.xml:25:13-70
34            android:exported="false" >
34-->src\main\AndroidManifest.xml:26:13-37
35            <meta-data
35-->src\main\AndroidManifest.xml:20:13-22:36
36                android:name="android.app.lib_name"
36-->src\main\AndroidManifest.xml:21:17-52
37                android:value="" />
37-->src\main\AndroidManifest.xml:22:17-33
38        </activity>
39        <activity
39-->src\main\AndroidManifest.xml:31:9-40:20
40            android:name="com.azhar.OngkirMurah.ui.home.Login"
40-->src\main\AndroidManifest.xml:32:13-63
41            android:configChanges="keyboardHidden|orientation|screenSize"
41-->src\main\AndroidManifest.xml:33:13-74
42            android:windowSoftInputMode="adjustPan" >
42-->src\main\AndroidManifest.xml:34:13-52
43            <intent-filter>
43-->src\main\AndroidManifest.xml:35:13-39:29
44                <action android:name="android.intent.action.MAIN" />
44-->src\main\AndroidManifest.xml:36:17-69
44-->src\main\AndroidManifest.xml:36:25-66
45
46                <category android:name="android.intent.category.LAUNCHER" />
46-->src\main\AndroidManifest.xml:38:17-77
46-->src\main\AndroidManifest.xml:38:27-74
47            </intent-filter>
48        </activity>
49        <activity android:name="com.azhar.OngkirMurah.ui.search.SearchCityActivity" />
49-->src\main\AndroidManifest.xml:41:9-87
49-->src\main\AndroidManifest.xml:41:19-84
50        <activity
50-->[com.google.firebase:firebase-auth:21.1.0] AndroidManifest.xml:27:9-44:20
51            android:name="com.google.firebase.auth.internal.GenericIdpActivity"
51-->[com.google.firebase:firebase-auth:21.1.0] AndroidManifest.xml:28:13-80
52            android:excludeFromRecents="true"
52-->[com.google.firebase:firebase-auth:21.1.0] AndroidManifest.xml:29:13-46
53            android:exported="true"
53-->[com.google.firebase:firebase-auth:21.1.0] AndroidManifest.xml:30:13-36
54            android:launchMode="singleTask"
54-->[com.google.firebase:firebase-auth:21.1.0] AndroidManifest.xml:31:13-44
55            android:theme="@android:style/Theme.Translucent.NoTitleBar" >
55-->[com.google.firebase:firebase-auth:21.1.0] AndroidManifest.xml:32:13-72
56            <intent-filter>
56-->[com.google.firebase:firebase-auth:21.1.0] AndroidManifest.xml:33:13-43:29
57                <action android:name="android.intent.action.VIEW" />
57-->[com.google.firebase:firebase-auth:21.1.0] AndroidManifest.xml:34:17-69
57-->[com.google.firebase:firebase-auth:21.1.0] AndroidManifest.xml:34:25-66
58
59                <category android:name="android.intent.category.DEFAULT" />
59-->[com.google.firebase:firebase-auth:21.1.0] AndroidManifest.xml:36:17-76
59-->[com.google.firebase:firebase-auth:21.1.0] AndroidManifest.xml:36:27-73
60                <category android:name="android.intent.category.BROWSABLE" />
60-->[com.google.firebase:firebase-auth:21.1.0] AndroidManifest.xml:37:17-78
60-->[com.google.firebase:firebase-auth:21.1.0] AndroidManifest.xml:37:27-75
61
62                <data
62-->[com.google.firebase:firebase-auth:21.1.0] AndroidManifest.xml:39:17-42:51
63                    android:host="firebase.auth"
63-->[com.google.firebase:firebase-auth:21.1.0] AndroidManifest.xml:40:21-49
64                    android:path="/"
64-->[com.google.firebase:firebase-auth:21.1.0] AndroidManifest.xml:41:21-37
65                    android:scheme="genericidp" />
65-->[com.google.firebase:firebase-auth:21.1.0] AndroidManifest.xml:42:21-48
66            </intent-filter>
67        </activity>
68        <activity
68-->[com.google.firebase:firebase-auth:21.1.0] AndroidManifest.xml:45:9-62:20
69            android:name="com.google.firebase.auth.internal.RecaptchaActivity"
69-->[com.google.firebase:firebase-auth:21.1.0] AndroidManifest.xml:46:13-79
70            android:excludeFromRecents="true"
70-->[com.google.firebase:firebase-auth:21.1.0] AndroidManifest.xml:47:13-46
71            android:exported="true"
71-->[com.google.firebase:firebase-auth:21.1.0] AndroidManifest.xml:48:13-36
72            android:launchMode="singleTask"
72-->[com.google.firebase:firebase-auth:21.1.0] AndroidManifest.xml:49:13-44
73            android:theme="@android:style/Theme.Translucent.NoTitleBar" >
73-->[com.google.firebase:firebase-auth:21.1.0] AndroidManifest.xml:50:13-72
74            <intent-filter>
74-->[com.google.firebase:firebase-auth:21.1.0] AndroidManifest.xml:51:13-61:29
75                <action android:name="android.intent.action.VIEW" />
75-->[com.google.firebase:firebase-auth:21.1.0] AndroidManifest.xml:34:17-69
75-->[com.google.firebase:firebase-auth:21.1.0] AndroidManifest.xml:34:25-66
76
77                <category android:name="android.intent.category.DEFAULT" />
77-->[com.google.firebase:firebase-auth:21.1.0] AndroidManifest.xml:36:17-76
77-->[com.google.firebase:firebase-auth:21.1.0] AndroidManifest.xml:36:27-73
78                <category android:name="android.intent.category.BROWSABLE" />
78-->[com.google.firebase:firebase-auth:21.1.0] AndroidManifest.xml:37:17-78
78-->[com.google.firebase:firebase-auth:21.1.0] AndroidManifest.xml:37:27-75
79
80                <data
80-->[com.google.firebase:firebase-auth:21.1.0] AndroidManifest.xml:39:17-42:51
81                    android:host="firebase.auth"
81-->[com.google.firebase:firebase-auth:21.1.0] AndroidManifest.xml:40:21-49
82                    android:path="/"
82-->[com.google.firebase:firebase-auth:21.1.0] AndroidManifest.xml:41:21-37
83                    android:scheme="recaptcha" />
83-->[com.google.firebase:firebase-auth:21.1.0] AndroidManifest.xml:42:21-48
84            </intent-filter>
85        </activity>
86
87        <service
87-->[com.google.firebase:firebase-auth:21.1.0] AndroidManifest.xml:64:9-70:19
88            android:name="com.google.firebase.components.ComponentDiscoveryService"
88-->[com.google.firebase:firebase-auth:21.1.0] AndroidManifest.xml:65:13-84
89            android:directBootAware="true"
89-->[com.google.firebase:firebase-common:20.2.0] AndroidManifest.xml:34:13-43
90            android:exported="false" >
90-->[com.google.firebase:firebase-auth:21.1.0] AndroidManifest.xml:66:13-37
91            <meta-data
91-->[com.google.firebase:firebase-auth:21.1.0] AndroidManifest.xml:67:13-69:85
92                android:name="com.google.firebase.components:com.google.firebase.auth.FirebaseAuthRegistrar"
92-->[com.google.firebase:firebase-auth:21.1.0] AndroidManifest.xml:68:17-109
93                android:value="com.google.firebase.components.ComponentRegistrar" />
93-->[com.google.firebase:firebase-auth:21.1.0] AndroidManifest.xml:69:17-82
94        </service>
95
96        <provider
96-->[com.google.firebase:firebase-common:20.2.0] AndroidManifest.xml:25:9-30:39
97            android:name="com.google.firebase.provider.FirebaseInitProvider"
97-->[com.google.firebase:firebase-common:20.2.0] AndroidManifest.xml:26:13-77
98            android:authorities="com.azhar.rajaongkir.firebaseinitprovider"
98-->[com.google.firebase:firebase-common:20.2.0] AndroidManifest.xml:27:13-72
99            android:directBootAware="true"
99-->[com.google.firebase:firebase-common:20.2.0] AndroidManifest.xml:28:13-43
100            android:exported="false"
100-->[com.google.firebase:firebase-common:20.2.0] AndroidManifest.xml:29:13-37
101            android:initOrder="100" />
101-->[com.google.firebase:firebase-common:20.2.0] AndroidManifest.xml:30:13-36
102
103        <activity
103-->[com.google.android.gms:play-services-base:17.1.0] AndroidManifest.xml:23:9-26:75
104            android:name="com.google.android.gms.common.api.GoogleApiActivity"
104-->[com.google.android.gms:play-services-base:17.1.0] AndroidManifest.xml:24:13-79
105            android:exported="false"
105-->[com.google.android.gms:play-services-base:17.1.0] AndroidManifest.xml:25:13-37
106            android:theme="@android:style/Theme.Translucent.NoTitleBar" />
106-->[com.google.android.gms:play-services-base:17.1.0] AndroidManifest.xml:26:13-72
107
108        <meta-data
108-->[com.google.android.gms:play-services-basement:18.1.0] AndroidManifest.xml:21:9-23:69
109            android:name="com.google.android.gms.version"
109-->[com.google.android.gms:play-services-basement:18.1.0] AndroidManifest.xml:22:13-58
110            android:value="@integer/google_play_services_version" />
110-->[com.google.android.gms:play-services-basement:18.1.0] AndroidManifest.xml:23:13-66
111    </application>
112
113</manifest>